<?xml version="1.0" encoding="UTF-8"?>
<!-- Generated by org.testng.reporters.JUnitReportReporter -->
<testsuite hostname="DESKTOP-SNJDH69" failures="0" tests="4" name="api.test.UserTests2" time="7.970" errors="0" timestamp="2025-02-05T15:44:45 IST" skipped="0">
  <testcase classname="api.test.UserTests2" name="testPostUser" time="2.751"/>
  <system-out/>
  <testcase classname="api.test.UserTests2" name="testGetUserByName" time="1.322"/>
  <system-out/>
  <testcase classname="api.test.UserTests2" name="testUpdateUserByName" time="2.599"/>
  <system-out/>
  <testcase classname="api.test.UserTests2" name="testDeleteUserByName" time="1.298"/>
  <system-out/>
</testsuite> <!-- api.test.UserTests2 -->
