<?xml version="1.0" encoding="UTF-8"?>
<!-- Generated by org.testng.reporters.JUnitReportReporter -->
<testsuite hostname="DESKTOP-SNJDH69" failures="0" tests="4" name="api.test.UserTests" time="8.000" errors="0" timestamp="2025-02-04T13:40:54 IST" skipped="0">
  <testcase classname="api.test.UserTests" name="testPostUser" time="2.662"/>
  <system-out/>
  <testcase classname="api.test.UserTests" name="testGetUserByName" time="1.311"/>
  <system-out/>
  <testcase classname="api.test.UserTests" name="testUpdateUserByName" time="2.702"/>
  <system-out/>
  <testcase classname="api.test.UserTests" name="testDeleteUserByName" time="1.325"/>
  <system-out/>
</testsuite> <!-- api.test.UserTests -->
