<?xml version="1.0" encoding="UTF-8"?>
<!-- Generated by org.testng.reporters.JUnitReportReporter -->
<testsuite hostname="DESKTOP-SNJDH69" failures="0" tests="4" name="api.test.UserTests" time="6.775" errors="0" timestamp="2025-02-05T22:17:53 IST" skipped="0">
  <testcase classname="api.test.UserTests" name="testPostUser" time="1.401"/>
  <system-out/>
  <testcase classname="api.test.UserTests" name="testGetUserByName" time="1.289"/>
  <system-out/>
  <testcase classname="api.test.UserTests" name="testUpdateUserByName" time="2.687"/>
  <system-out/>
  <testcase classname="api.test.UserTests" name="testDeleteUserByName" time="1.398"/>
  <system-out/>
</testsuite> <!-- api.test.UserTests -->
