<?xml version="1.0" encoding="UTF-8"?>
<!-- Generated by org.testng.reporters.JUnitReportReporter -->
<testsuite hostname="DESKTOP-SNJDH69" failures="0" tests="6" name="api.test.DDTests" time="9.530" errors="0" timestamp="2025-02-05T22:17:53 IST" skipped="0">
  <testcase classname="api.test.DDTests" name="testPostuser" time="1.359"/>
  <system-out/>
  <testcase classname="api.test.DDTests" name="testPostuser" time="2.764"/>
  <system-out/>
  <testcase classname="api.test.DDTests" name="testPostuser" time="1.315"/>
  <system-out/>
  <testcase classname="api.test.DDTests" name="testDeleteUserByName" time="1.332"/>
  <system-out/>
  <testcase classname="api.test.DDTests" name="testDeleteUserByName" time="1.446"/>
  <system-out/>
  <testcase classname="api.test.DDTests" name="testDeleteUserByName" time="1.314"/>
  <system-out/>
</testsuite> <!-- api.test.DDTests -->
